2021-04-28 08:47:03 [scrapy] DEBUG: Crawled (200) <GET https://www.metacritic.com/robots.txt> (referer: None)
2021-04-28 08:47:03 [scrapy] DEBUG: Crawled (200) <GET https://www.metacritic.com/browse/games/score/userscore/all/filtered?page=0> (referer: None)
2021-04-28 08:47:03 [scrapy] ERROR: Spider error processing <GET https://www.metacritic.com/browse/games/score/userscore/all/filtered?page=0> (referer: None)
Traceback (most recent call last):
  File "/home/kardel/SI507Final/SI507Final/spiders/game_spider_main.py", line 87, in parse
    summary = response.xpath("//span[has-class('blurb_expanded')]/text()").get().strip()
AttributeError: 'NoneType' object has no attribute 'strip'

During handling of the above exception, another exception occurred:

Traceback (most recent call last):
  File "/home/kardel/PycharmProjects/flaskProject/venv/lib/python3.6/site-packages/scrapy/utils/defer.py", line 120, in iter_errback
    yield next(it)
  File "/home/kardel/PycharmProjects/flaskProject/venv/lib/python3.6/site-packages/scrapy/utils/python.py", line 353, in __next__
    return next(self.data)
  File "/home/kardel/PycharmProjects/flaskProject/venv/lib/python3.6/site-packages/scrapy/utils/python.py", line 353, in __next__
    return next(self.data)
  File "/home/kardel/PycharmProjects/flaskProject/venv/lib/python3.6/site-packages/scrapy/core/spidermw.py", line 56, in _evaluate_iterable
    for r in iterable:
  File "/home/kardel/PycharmProjects/flaskProject/venv/lib/python3.6/site-packages/scrapy/spidermiddlewares/offsite.py", line 29, in process_spider_output
    for x in result:
  File "/home/kardel/PycharmProjects/flaskProject/venv/lib/python3.6/site-packages/scrapy/core/spidermw.py", line 56, in _evaluate_iterable
    for r in iterable:
  File "/home/kardel/PycharmProjects/flaskProject/venv/lib/python3.6/site-packages/scrapy/spidermiddlewares/referer.py", line 342, in <genexpr>
    return (_set_referer(r) for r in result or ())
  File "/home/kardel/PycharmProjects/flaskProject/venv/lib/python3.6/site-packages/scrapy/core/spidermw.py", line 56, in _evaluate_iterable
    for r in iterable:
  File "/home/kardel/PycharmProjects/flaskProject/venv/lib/python3.6/site-packages/scrapy/spidermiddlewares/urllength.py", line 40, in <genexpr>
    return (r for r in result or () if _filter(r))
  File "/home/kardel/PycharmProjects/flaskProject/venv/lib/python3.6/site-packages/scrapy/core/spidermw.py", line 56, in _evaluate_iterable
    for r in iterable:
  File "/home/kardel/PycharmProjects/flaskProject/venv/lib/python3.6/site-packages/scrapy/spidermiddlewares/depth.py", line 58, in <genexpr>
    return (r for r in result or () if _filter(r))
  File "/home/kardel/PycharmProjects/flaskProject/venv/lib/python3.6/site-packages/scrapy/core/spidermw.py", line 56, in _evaluate_iterable
    for r in iterable:
  File "/home/kardel/SI507Final/SI507Final/spiders/game_spider_main.py", line 89, in parse
    summary = response.xpath("//span[has-class('data')]/span/text()").get().strip()
AttributeError: 'NoneType' object has no attribute 'strip'
2021-04-28 08:47:03 [scrapy] INFO: Closing spider (finished)
2021-04-28 08:47:03 [scrapy] INFO: Dumping Scrapy stats:
{'downloader/request_bytes': 494,
 'downloader/request_count': 2,
 'downloader/request_method_count/GET': 2,
 'downloader/response_bytes': 64345,
 'downloader/response_count': 2,
 'downloader/response_status_count/200': 2,
 'elapsed_time_seconds': 0.419135,
 'finish_reason': 'finished',
 'finish_time': datetime.datetime(2021, 4, 28, 13, 47, 3, 830010),
 'httpcompression/response_bytes': 547876,
 'httpcompression/response_count': 2,
 'log_count/DEBUG': 2,
 'log_count/ERROR': 1,
 'log_count/INFO': 7,
 'memusage/max': 59838464,
 'memusage/startup': 59838464,
 'response_received_count': 2,
 'robotstxt/request_count': 1,
 'robotstxt/response_count': 1,
 'robotstxt/response_status_count/200': 1,
 'scheduler/dequeued': 1,
 'scheduler/dequeued/memory': 1,
 'scheduler/enqueued': 1,
 'scheduler/enqueued/memory': 1,
 'spider_exceptions/AttributeError': 1,
 'start_time': datetime.datetime(2021, 4, 28, 13, 47, 3, 410875)}
2021-04-28 08:47:03 [scrapy] INFO: Spider closed (finished)
